[2013-Dec-22 23:03:30.822734] - debug: Creating window.
[2013-Dec-22 23:03:31.043325] - debug: Initializing GLEW.
[2013-Dec-22 23:03:31.050131] - debug: OpenGL setup.
[2013-Dec-22 23:03:31.050557] - debug: Loading shader programs.
[2013-Dec-22 23:03:31.051728] - debug: Shader include found: glr
[2013-Dec-22 23:03:31.052330] - debug: Shader program found: glr_basic.program
[2013-Dec-22 23:03:31.052983] - debug: Shader found: glr_gui.frag
[2013-Dec-22 23:03:31.053617] - debug: Shader program found: glr_gui.program
[2013-Dec-22 23:03:31.054052] - debug: Shader found: glr_gui.vert
[2013-Dec-22 23:03:31.054197] - debug: Shader include found: light
[2013-Dec-22 23:03:31.054340] - debug: Shader include found: material
[2013-Dec-22 23:03:31.054510] - debug: Shader found: shader.frag
[2013-Dec-22 23:03:31.054750] - debug: Shader found: shader.vert
[2013-Dec-22 23:03:31.054890] - debug: Shader found: test.frag
[2013-Dec-22 23:03:31.055064] - debug: Shader program found: test.program
[2013-Dec-22 23:03:31.055115] - debug: Processing shader program 'glr_basic.program'.
[2013-Dec-22 23:03:31.056698] - debug: 
[2013-Dec-22 23:03:31.064858] - debug: 
[2013-Dec-22 23:03:31.069722] - debug: name: glr_basic
[2013-Dec-22 23:03:31.069788] - debug: Initializing 2 shaders.
[2013-Dec-22 23:03:31.069842] - debug: Processing shader 'shader.vert'.
[2013-Dec-22 23:03:31.081983] - debug: Processing shader 'shader.frag'.
[2013-Dec-22 23:03:31.090144] - debug: entry.second->getName(): glr_basic
[2013-Dec-22 23:03:31.090328] - debug: Processing shader program 'glr_gui.program'.
[2013-Dec-22 23:03:31.091569] - debug: 
[2013-Dec-22 23:03:31.093779] - debug: 
[2013-Dec-22 23:03:31.094985] - debug: name: glr_gui
[2013-Dec-22 23:03:31.095042] - debug: Initializing 2 shaders.
[2013-Dec-22 23:03:31.095083] - debug: Processing shader 'glr_gui.vert'.
[2013-Dec-22 23:03:31.099472] - debug: Processing shader 'glr_gui.frag'.
[2013-Dec-22 23:03:31.102462] - debug: entry.second->getName(): glr_gui
[2013-Dec-22 23:03:31.102555] - debug: Processing shader program 'test.program'.
[2013-Dec-22 23:03:31.103877] - debug: 
[2013-Dec-22 23:03:31.111268] - debug: 
[2013-Dec-22 23:03:31.112201] - debug: name: test
[2013-Dec-22 23:03:31.112257] - debug: Initializing 2 shaders.
[2013-Dec-22 23:03:31.112307] - debug: Processing shader 'shader.vert'.
[2013-Dec-22 23:03:31.124720] - debug: Processing shader 'test.frag'.
[2013-Dec-22 23:03:31.127148] - debug: entry.second->getName(): test
[2013-Dec-22 23:03:31.127254] - debug: Initializing shader program 'glr_basic'.
[2013-Dec-22 23:03:31.127304] - debug: Compiling shader 'shader.vert'.
[2013-Dec-22 23:03:31.127352] - debug: Shader is of type '1'.
[2013-Dec-22 23:03:31.132005] - debug: Done initializing shader 'shader.vert'.
[2013-Dec-22 23:03:31.132100] - debug: Compiling shader 'shader.frag'.
[2013-Dec-22 23:03:31.132139] - debug: Shader is of type '2'.
[2013-Dec-22 23:03:31.132664] - debug: Done initializing shader 'shader.frag'.
[2013-Dec-22 23:03:31.133185] - debug: Done initializing shader program 'glr_basic'.
[2013-Dec-22 23:03:31.133240] - debug: Initializing shader program 'glr_gui'.
[2013-Dec-22 23:03:31.133279] - debug: Compiling shader 'glr_gui.vert'.
[2013-Dec-22 23:03:31.133317] - debug: Shader is of type '1'.
[2013-Dec-22 23:03:31.133732] - debug: Done initializing shader 'glr_gui.vert'.
[2013-Dec-22 23:03:31.133792] - debug: Compiling shader 'glr_gui.frag'.
[2013-Dec-22 23:03:31.133831] - debug: Shader is of type '2'.
[2013-Dec-22 23:03:31.134055] - debug: Done initializing shader 'glr_gui.frag'.
[2013-Dec-22 23:03:31.134216] - debug: Done initializing shader program 'glr_gui'.
[2013-Dec-22 23:03:31.134264] - debug: Initializing shader program 'test'.
[2013-Dec-22 23:03:31.134302] - debug: Compiling shader 'shader.vert'.
[2013-Dec-22 23:03:31.134346] - debug: Shader is of type '1'.
[2013-Dec-22 23:03:31.135162] - debug: Done initializing shader 'shader.vert'.
[2013-Dec-22 23:03:31.135215] - debug: Compiling shader 'test.frag'.
[2013-Dec-22 23:03:31.135254] - debug: Shader is of type '2'.
[2013-Dec-22 23:03:31.135456] - debug: Done initializing shader 'test.frag'.
[2013-Dec-22 23:03:31.135743] - debug: Done initializing shader program 'test'.
[2013-Dec-22 23:03:31.135846] - debug: Initialize shader programs.
[2013-Dec-22 23:03:31.135896] - debug: Create scene manager.
[2013-Dec-22 23:03:31.136074] - debug: Set OpenGL matrices.
[2013-Dec-22 23:03:31.136125] - debug: Camera initialized.
[2013-Dec-22 23:03:31.136204] - debug: Loading model '../../data/LuckyBunny.3ds'.
[2013-Dec-22 23:03:31.136252] - debug: Loading model 'LuckyBunny' - ../../data/LuckyBunny.3ds.
[2013-Dec-22 23:03:31.148256] - debug: loading 0 animation(s).
[2013-Dec-22 23:03:31.148367] - debug: done loading animation.
[2013-Dec-22 23:03:31.148408] - debug: Model has 1 meshes.
[2013-Dec-22 23:03:31.148451] - debug: loading boneData.
[2013-Dec-22 23:03:31.148488] - debug: done loading boneData.
[2013-Dec-22 23:03:31.148535] - debug: loading mesh '../../data/LuckyBunny.3ds'.
[2013-Dec-22 23:03:31.148574] - debug: mesh name: 0
[2013-Dec-22 23:03:31.150721] - debug: done loading mesh '../../data/LuckyBunny.3ds'.
[2013-Dec-22 23:03:31.150777] - debug: Loading texture.
[2013-Dec-22 23:03:31.150830] - debug: Texture has filename: bunnydiffuse
[2013-Dec-22 23:03:31.150868] - debug: loading material.
[2013-Dec-22 23:03:31.150912] - debug: material name: LuckyBunny_material_0
[2013-Dec-22 23:03:31.150955] - debug: done loading material.
[2013-Dec-22 23:03:31.151208] - debug: Done loading model '../../data/LuckyBunny.3ds'.
[2013-Dec-22 23:03:31.151268] - debug: Mesh '0' not found.
[2013-Dec-22 23:03:31.152505] - debug: Loading mesh...
[2013-Dec-22 23:03:31.152546] - debug: Creating Mesh.
[2013-Dec-22 23:03:31.154989] - debug: loading mesh '0' into video memory.
[2013-Dec-22 23:03:31.155873] - debug: Successfully loaded mesh '0'.
[2013-Dec-22 23:03:31.155954] - debug: Texture 'bunnydiffuse' not found.
[2013-Dec-22 23:03:31.155994] - debug: Loading texture 2d'bunnydiffuse'.
[2013-Dec-22 23:03:31.156031] - debug: Loading texture 2d image.
[2013-Dec-22 23:03:31.156064] - debug: Loading image.
[2013-Dec-22 23:03:31.193309] - debug: image loaded.
[2013-Dec-22 23:03:31.195765] - debug: The size of the image '../../data/bunnydiffuse' is: 1024*1024
[2013-Dec-22 23:03:31.203269] - debug: Loading texture 2d 'bunnydiffuse' from image.
[2013-Dec-22 23:03:31.203354] - debug: TextureManager::addTexture2D: image: 1024x1024
[2013-Dec-22 23:03:31.203390] - debug: Creating texture 2d.
[2013-Dec-22 23:03:31.206533] - debug: Successfully loaded texture.
[2013-Dec-22 23:03:31.206900] - debug: Material 'LuckyBunny_material_0' not found.
[2013-Dec-22 23:03:31.206955] - debug: Loading material 'LuckyBunny_material_0'.
[2013-Dec-22 23:03:31.206991] - debug: loading material...
[2013-Dec-22 23:03:31.207055] - debug: Successfully loaded material.  Buffer id: 6
[2013-Dec-22 23:03:31.207151] - debug: Successfully loaded animation.  Buffer id: 7
[2013-Dec-22 23:03:31.207247] - debug: Done loading model '../../data/LuckyBunny.3ds'.
[2013-Dec-22 23:03:31.207319] - debug: Creating model 'LuckyBunny'.
[2013-Dec-22 23:03:31.207367] - debug: Model found.
[2013-Dec-22 23:03:31.207450] - debug: Successfully loaded animation.  Buffer id: 8
[2013-Dec-22 23:03:31.207541] - debug: Light initialized.
